<?xml version="1.0" encoding="utf-8"?><testsuites name="pytest tests"><testsuite name="pytest" errors="0" failures="0" skipped="0" tests="176" time="10.801" timestamp="2026-06-08T13:53:07.359041+01:00" hostname="GB-5CG03345XQ"><testcase classname="tests.test_adaptive_learning" name="test_clear_telemetry_removes_all_records_for_active_profile" time="0.443" /><testcase classname="tests.test_adaptive_learning" name="test_proficiency_accumulates_across_level_switches" time="0.201" /><testcase classname="tests.test_adaptive_learning" name="test_thumbs_up_feedback_written_correctly" time="0.124" /><testcase classname="tests.test_adaptive_learning" name="test_thumbs_down_feedback_written_correctly" time="0.128" /><testcase classname="tests.test_adaptive_learning" name="test_clear_telemetry_removes_feedback_records" time="0.183" /><testcase classname="tests.test_auth_session" name="test_token_param_triggers_redirect" time="1.567" /><testcase classname="tests.test_auth_session" name="test_invalid_token_returns_401" time="0.004" /><testcase classname="tests.test_auth_session" name="test_session_cookie_authenticates" time="0.140" /><testcase classname="tests.test_auth_session" name="test_second_session_returns_409" time="0.004" /><testcase classname="tests.test_auth_session" name="test_idle_timeout_returns_401" time="0.004" /><testcase classname="tests.test_auth_session" name="test_token_file_deleted_on_shutdown" time="0.052" /><testcase classname="tests.test_auth_session" name="test_invalid_margin_mm_resets_to_default_and_warns" time="0.042" /><testcase classname="tests.test_auth_session" name="test_startup_url_format_stdout" time="0.004" /><testcase classname="tests.test_auth_session" name="test_token_has_minimum_entropy" time="0.002" /><testcase classname="tests.test_container_integrity" name="test_corpus_manifest_lock_exists" time="0.002" /><testcase classname="tests.test_container_integrity" name="test_corpus_manifest_lock_is_non_empty" time="0.031" /><testcase classname="tests.test_container_integrity" name="test_sha256_mismatch_detected" time="0.067" /><testcase classname="tests.test_container_integrity" name="test_sha256_match_passes" time="0.022" /><testcase classname="tests.test_container_integrity" name="test_missing_artifact_fails_verification" time="0.011" /><testcase classname="tests.test_container_integrity" name="test_spot_check_tsv_exists" time="0.003" /><testcase classname="tests.test_container_integrity" name="test_spot_check_has_50_pairs" time="0.039" /><testcase classname="tests.test_error_handling" name="test_log_truncation_at_64_chars" time="0.002" /><testcase classname="tests.test_error_handling" name="test_log_truncation_short_string_unchanged" time="0.002" /><testcase classname="tests.test_error_handling" name="test_lenient_mode_returns_output_with_unknown_tokens" time="0.009" /><testcase classname="tests.test_error_handling" name="test_strict_mode_annotates_unknown_tokens" time="0.011" /><testcase classname="tests.test_error_handling" name="test_strict_mode_flag_is_set" time="0.002" /><testcase classname="tests.test_error_handling" name="test_lenient_mode_flag_is_default" time="0.002" /><testcase classname="tests.test_error_handling" name="test_corrupt_sqlite_triggers_integrity_check_failure" time="0.031" /><testcase classname="tests.test_error_handling" name="test_valid_sqlite_passes_integrity_check" time="0.109" /><testcase classname="tests.test_input_sanitisation" name="test_null_bytes_stripped" time="0.002" /><testcase classname="tests.test_input_sanitisation" name="test_null_bytes_only_returns_empty" time="0.002" /><testcase classname="tests.test_input_sanitisation" name="test_control_chars_c0_stripped" time="0.003" /><testcase classname="tests.test_input_sanitisation" name="test_tab_lf_cr_preserved" time="0.003" /><testcase classname="tests.test_input_sanitisation" name="test_del_char_stripped" time="0.002" /><testcase classname="tests.test_input_sanitisation" name="test_c1_control_chars_stripped" time="0.006" /><testcase classname="tests.test_input_sanitisation" name="test_shell_metacharacter_stripped[;]" time="0.003" /><testcase classname="tests.test_input_sanitisation" name="test_shell_metacharacter_stripped[&amp;]" time="0.002" /><testcase classname="tests.test_input_sanitisation" name="test_shell_metacharacter_stripped[|]" time="0.003" /><testcase classname="tests.test_input_sanitisation" name="test_shell_metacharacter_stripped[`]" time="0.004" /><testcase classname="tests.test_input_sanitisation" name="test_shell_metacharacter_stripped[$]" time="0.003" /><testcase classname="tests.test_input_sanitisation" name="test_shell_metacharacter_stripped[&lt;]" time="0.004" /><testcase classname="tests.test_input_sanitisation" name="test_shell_metacharacter_stripped[&gt;]" time="0.004" /><testcase classname="tests.test_input_sanitisation" name="test_shell_metacharacter_stripped[\\]" time="0.002" /><testcase classname="tests.test_input_sanitisation" name="test_clean_latin_text_unmodified" time="0.003" /><testcase classname="tests.test_input_sanitisation" name="test_exactly_512_tokens_accepted" time="0.003" /><testcase classname="tests.test_input_sanitisation" name="test_513_tokens_raises_value_error" time="0.002" /><testcase classname="tests.test_input_sanitisation" name="test_513_tokens_error_message_contains_count" time="0.005" /><testcase classname="tests.test_input_sanitisation" name="test_sanitise_and_enforce_chains" time="0.004" /><testcase classname="tests.test_input_sanitisation" name="test_sanitise_and_enforce_rejects_oversized" time="0.003" /><testcase classname="tests.test_input_sanitisation" name="test_csv_formula_prefix_escaped[=]" time="0.006" /><testcase classname="tests.test_input_sanitisation" name="test_csv_formula_prefix_escaped[+]" time="0.003" /><testcase classname="tests.test_input_sanitisation" name="test_csv_formula_prefix_escaped[-]" time="0.002" /><testcase classname="tests.test_input_sanitisation" name="test_csv_formula_prefix_escaped[@]" time="0.003" /><testcase classname="tests.test_input_sanitisation" name="test_csv_non_formula_cells_unchanged" time="0.004" /><testcase classname="tests.test_input_sanitisation" name="test_csv_cells_cast_to_string" time="0.002" /><testcase classname="tests.test_input_sanitisation" name="test_corpus_chunk_iterator_50k_boundary" time="0.003" /><testcase classname="tests.test_input_sanitisation" name="test_corpus_chunk_iterator_short_text" time="0.003" /><testcase classname="tests.test_input_sanitisation" name="test_corpus_chunk_iterator_exact_boundary" time="0.003" /><testcase classname="tests.test_input_sanitisation" name="test_truncate_short_string_unchanged" time="0.002" /><testcase classname="tests.test_input_sanitisation" name="test_truncate_exactly_64_unchanged" time="0.003" /><testcase classname="tests.test_input_sanitisation" name="test_truncate_65_chars_adds_redacted_suffix" time="0.002" /><testcase classname="tests.test_input_sanitisation" name="test_truncate_custom_max_len" time="0.002" /><testcase classname="tests.test_pdf" name="test_workbook_returns_bytes" time="0.007" /><testcase classname="tests.test_pdf" name="test_workbook_is_valid_pdf" time="0.005" /><testcase classname="tests.test_pdf" name="test_note_sheet_returns_bytes" time="0.007" /><testcase classname="tests.test_pdf" name="test_declension_returns_bytes" time="0.006" /><testcase classname="tests.test_pdf" name="test_macron_chars_in_workbook_pdf[R\u014dma-\u014d]" time="0.007" /><testcase classname="tests.test_pdf" name="test_macron_chars_in_workbook_pdf[M\u0101rcus-\u0101]" time="0.006" /><testcase classname="tests.test_pdf" name="test_macron_chars_in_workbook_pdf[Sp\u012britus-\u012b]" time="0.007" /><testcase classname="tests.test_pdf" name="test_macron_chars_in_workbook_pdf[L\u016bna-\u016b]" time="0.007" /><testcase classname="tests.test_pdf" name="test_macron_chars_in_workbook_pdf[R\u0113x-\u0113]" time="0.008" /><testcase classname="tests.test_pdf" name="test_workbook_contains_source_text" time="0.770" /><testcase classname="tests.test_pdf" name="test_workbook_has_multiple_pages_for_long_content" time="0.063" /><testcase classname="tests.test_pdf" name="test_declension_contains_case_headers" time="0.014" /><testcase classname="tests.test_pdf" name="test_note_sheet_contains_notes_column" time="0.012" /><testcase classname="tests.test_pdf" name="test_a4_paper_size_is_default" time="0.003" /><testcase classname="tests.test_pdf" name="test_letter_paper_size_produces_pdf" time="0.010" /><testcase classname="tests.test_pdf" name="test_invalid_paper_size_falls_back_to_a4" time="0.003" /><testcase classname="tests.test_pdf" name="test_workbook_no_file_written" time="0.022" /><testcase classname="tests.test_pdf" name="test_declension_no_file_written" time="0.026" /><testcase classname="tests.test_pdf" name="test_pdf_endpoint_returns_200_with_correct_headers" time="0.015" /><testcase classname="tests.test_port_startup" name="test_port_in_use_exits_nonzero" time="0.012" /><testcase classname="tests.test_port_startup" name="test_port_in_use_error_message_on_stderr" time="0.007" /><testcase classname="tests.test_port_startup" name="test_free_port_does_not_exit" time="0.510" /><testcase classname="tests.test_port_startup" name="test_startup_url_stdout_format" time="0.002" /><testcase classname="tests.test_reading_age" name="test_level_spec_has_display_name[1]" time="0.003" /><testcase classname="tests.test_reading_age" name="test_level_spec_has_display_name[2]" time="0.003" /><testcase classname="tests.test_reading_age" name="test_level_spec_has_display_name[3]" time="0.002" /><testcase classname="tests.test_reading_age" name="test_level_spec_has_display_name[4]" time="0.002" /><testcase classname="tests.test_reading_age" name="test_level_spec_has_display_name[5]" time="0.004" /><testcase classname="tests.test_reading_age" name="test_level_spec_has_display_name[6]" time="0.002" /><testcase classname="tests.test_reading_age" name="test_level_spec_has_age_range[1]" time="0.002" /><testcase classname="tests.test_reading_age" name="test_level_spec_has_age_range[2]" time="0.002" /><testcase classname="tests.test_reading_age" name="test_level_spec_has_age_range[3]" time="0.004" /><testcase classname="tests.test_reading_age" name="test_level_spec_has_age_range[4]" time="0.002" /><testcase classname="tests.test_reading_age" name="test_level_spec_has_age_range[5]" time="0.002" /><testcase classname="tests.test_reading_age" name="test_level_spec_has_age_range[6]" time="0.002" /><testcase classname="tests.test_reading_age" name="test_level_spec_has_syntax_description[1]" time="0.004" /><testcase classname="tests.test_reading_age" name="test_level_spec_has_syntax_description[2]" time="0.002" /><testcase classname="tests.test_reading_age" name="test_level_spec_has_syntax_description[3]" time="0.002" /><testcase classname="tests.test_reading_age" name="test_level_spec_has_syntax_description[4]" time="0.002" /><testcase classname="tests.test_reading_age" name="test_level_spec_has_syntax_description[5]" time="0.003" /><testcase classname="tests.test_reading_age" name="test_level_spec_has_syntax_description[6]" time="0.002" /><testcase classname="tests.test_reading_age" name="test_level_spec_has_vocabulary_description[1]" time="0.003" /><testcase classname="tests.test_reading_age" name="test_level_spec_has_vocabulary_description[2]" time="0.003" /><testcase classname="tests.test_reading_age" name="test_level_spec_has_vocabulary_description[3]" time="0.003" /><testcase classname="tests.test_reading_age" name="test_level_spec_has_vocabulary_description[4]" time="0.002" /><testcase classname="tests.test_reading_age" name="test_level_spec_has_vocabulary_description[5]" time="0.002" /><testcase classname="tests.test_reading_age" name="test_level_spec_has_vocabulary_description[6]" time="0.003" /><testcase classname="tests.test_reading_age" name="test_display_name_contains_label[1-Beginner]" time="0.003" /><testcase classname="tests.test_reading_age" name="test_display_name_contains_label[2-Elementary]" time="0.002" /><testcase classname="tests.test_reading_age" name="test_display_name_contains_label[3-Primary]" time="0.002" /><testcase classname="tests.test_reading_age" name="test_display_name_contains_label[4-Intermediate]" time="0.003" /><testcase classname="tests.test_reading_age" name="test_display_name_contains_label[5-Secondary]" time="0.003" /><testcase classname="tests.test_reading_age" name="test_display_name_contains_label[6-Advanced]" time="0.003" /><testcase classname="tests.test_reading_age" name="test_barbarian_display_name" time="0.002" /><testcase classname="tests.test_reading_age" name="test_all_levels_returns_7_items" time="0.008" /><testcase classname="tests.test_reading_age" name="test_level_1_is_simpler_than_level_6" time="0.002" /><testcase classname="tests.test_reading_age" name="test_prefix_age_tag_matches_spec[1]" time="0.003" /><testcase classname="tests.test_reading_age" name="test_prefix_age_tag_matches_spec[2]" time="0.003" /><testcase classname="tests.test_reading_age" name="test_prefix_age_tag_matches_spec[3]" time="0.002" /><testcase classname="tests.test_reading_age" name="test_prefix_age_tag_matches_spec[4]" time="0.002" /><testcase classname="tests.test_reading_age" name="test_prefix_age_tag_matches_spec[5]" time="0.002" /><testcase classname="tests.test_reading_age" name="test_prefix_age_tag_matches_spec[6]" time="0.003" /><testcase classname="tests.test_reading_age" name="test_level_switch_takes_effect_immediately" time="0.249" /><testcase classname="tests.test_schema_migration" name="test_fresh_database_migrates_to_target" time="0.093" /><testcase classname="tests.test_schema_migration" name="test_migrated_database_has_expected_tables" time="0.092" /><testcase classname="tests.test_schema_migration" name="test_already_at_target_version_is_idempotent" time="0.118" /><testcase classname="tests.test_schema_migration" name="test_future_version_exits_nonzero" time="0.051" /><testcase classname="tests.test_schema_migration" name="test_future_version_error_message_on_stderr" time="0.057" /><testcase classname="tests.test_schema_migration" name="test_bad_migration_script_exits_nonzero" time="0.182" /><testcase classname="tests.test_schema_migration" name="test_existing_data_intact_after_migration" time="0.115" /><testcase classname="tests.test_translation_engine" name="test_en_la_prefix_age_tag[1-4]" time="0.007" /><testcase classname="tests.test_translation_engine" name="test_en_la_prefix_age_tag[2-6]" time="0.003" /><testcase classname="tests.test_translation_engine" name="test_en_la_prefix_age_tag[3-8]" time="0.008" /><testcase classname="tests.test_translation_engine" name="test_en_la_prefix_age_tag[4-12]" time="0.003" /><testcase classname="tests.test_translation_engine" name="test_en_la_prefix_age_tag[5-16]" time="0.003" /><testcase classname="tests.test_translation_engine" name="test_en_la_prefix_age_tag[6-18]" time="0.004" /><testcase classname="tests.test_translation_engine" name="test_la_en_prefix" time="0.003" /><testcase classname="tests.test_translation_engine" name="test_barbarian_prefix" time="0.002" /><testcase classname="tests.test_translation_engine" name="test_invalid_direction_raises" time="0.004" /><testcase classname="tests.test_translation_engine" name="test_en_la_without_level_raises" time="0.003" /><testcase classname="tests.test_translation_engine" name="test_invalid_level_raises" time="0.002" /><testcase classname="tests.test_translation_engine" name="test_build_input_combines_prefix_and_text" time="0.003" /><testcase classname="tests.test_translation_engine" name="test_barbarian_postprocess_returns_string" time="0.004" /><testcase classname="tests.test_translation_engine" name="test_barbarian_prefix_is_correct" time="0.002" /><testcase classname="tests.test_translation_engine" name="test_en_la_standard_returns_result[1]" time="0.012" /><testcase classname="tests.test_translation_engine" name="test_en_la_standard_returns_result[2]" time="0.012" /><testcase classname="tests.test_translation_engine" name="test_en_la_standard_returns_result[3]" time="0.008" /><testcase classname="tests.test_translation_engine" name="test_en_la_standard_returns_result[4]" time="0.010" /><testcase classname="tests.test_translation_engine" name="test_en_la_standard_returns_result[5]" time="0.013" /><testcase classname="tests.test_translation_engine" name="test_en_la_standard_returns_result[6]" time="0.015" /><testcase classname="tests.test_translation_engine" name="test_la_en_returns_result" time="0.011" /><testcase classname="tests.test_translation_engine" name="test_barbarian_mode_returns_result" time="0.009" /><testcase classname="tests.test_translation_engine" name="test_barbarian_output_has_imperative_character" time="0.003" /><testcase classname="tests.test_translation_engine" name="test_oversized_input_raises" time="0.005" /><testcase classname="tests.test_translation_engine" name="test_strict_mode_annotates_unknown_tokens" time="0.011" /><testcase classname="tests.test_tts" name="test_roma_macron_produces_len_annotation" time="0.002" /><testcase classname="tests.test_tts" name="test_marcus_macron_produces_len_annotation" time="0.002" /><testcase classname="tests.test_tts" name="test_all_macron_vowels_resolved" time="0.003" /><testcase classname="tests.test_tts" name="test_uppercase_macron_vowels_resolved" time="0.002" /><testcase classname="tests.test_tts" name="test_text_without_macrons_unchanged_by_macron_resolver" time="0.002" /><testcase classname="tests.test_tts" name="test_caesar_c_maps_to_k" time="0.002" /><testcase classname="tests.test_tts" name="test_hard_c_annotation_present" time="0.003" /><testcase classname="tests.test_tts" name="test_v_maps_to_w_semivowel" time="0.002" /><testcase classname="tests.test_tts" name="test_ae_diphthong_maps_to_ai" time="0.002" /><testcase classname="tests.test_tts" name="test_oe_diphthong_maps_to_oi" time="0.002" /><testcase classname="tests.test_tts" name="test_diphthong_case_insensitive" time="0.002" /><testcase classname="tests.test_tts" name="test_full_pipeline_produces_annotated_string" time="0.003" /><testcase classname="tests.test_tts" name="test_full_pipeline_on_empty_string" time="0.002" /><testcase classname="tests.test_tts" name="test_tts_driver_is_espeak" time="0.002" /><testcase classname="tests.test_tts" name="test_invalid_mode_raises" time="0.002" /><testcase classname="tests.test_tts" name="test_valid_modes_accepted" time="0.004" /><testcase classname="tests.test_tts" name="test_export_mode_returns_bytes" time="0.003" /><testcase classname="tests.test_tts" name="test_playback_mode_returns_none" time="0.002" /><testcase classname="tests.test_tts" name="test_both_mode_returns_bytes" time="0.006" /></testsuite></testsuites>